  [1m[35m (489.4ms)[0m  [1m[35mCREATE DATABASE "SecureMessenger_back_end_development" ENCODING = 'unicode'[0m
  [1m[35m (144.8ms)[0m  [1m[35mCREATE DATABASE "SecureMessenger_back_end_test" ENCODING = 'unicode'[0m
Started GET "/" for ::1 at 2020-09-27 15:34:53 -0700
Processing by Rails::WelcomeController#index as HTML
  Rendering /Users/connorworthen/.rvm/gems/ruby-2.6.1/gems/railties-6.0.3.3/lib/rails/templates/rails/welcome/index.html.erb
  Rendered /Users/connorworthen/.rvm/gems/ruby-2.6.1/gems/railties-6.0.3.3/lib/rails/templates/rails/welcome/index.html.erb (Duration: 21.9ms | Allocations: 480)
Completed 200 OK in 46ms (Views: 35.1ms | ActiveRecord: 0.0ms | Allocations: 2631)


  [1m[35m (107.8ms)[0m  [1m[35mCREATE TABLE "schema_migrations" ("version" character varying NOT NULL PRIMARY KEY)[0m
  [1m[35m (39.6ms)[0m  [1m[35mCREATE TABLE "ar_internal_metadata" ("key" character varying NOT NULL PRIMARY KEY, "value" character varying, "created_at" timestamp(6) NOT NULL, "updated_at" timestamp(6) NOT NULL)[0m
  [1m[35m (9.6ms)[0m  [1m[34mSELECT pg_try_advisory_lock(79583997806968620)[0m
  [1m[35m (6.4ms)[0m  [1m[34mSELECT "schema_migrations"."version" FROM "schema_migrations" ORDER BY "schema_migrations"."version" ASC[0m
Migrating to CreateMessages (20200927224017)
  [1m[35m (0.2ms)[0m  [1m[35mBEGIN[0m
  [1m[35m (68.0ms)[0m  [1m[35mCREATE TABLE "messages" ("id" bigserial primary key, "content" character varying, "forum_id" integer, "created_at" timestamp(6) NOT NULL, "updated_at" timestamp(6) NOT NULL)[0m
  [1m[36mprimary::SchemaMigration Create (7.1ms)[0m  [1m[32mINSERT INTO "schema_migrations" ("version") VALUES ($1) RETURNING "version"[0m  [["version", "20200927224017"]]
  [1m[35m (3.4ms)[0m  [1m[35mCOMMIT[0m
Migrating to CreateForums (20200927224043)
  [1m[35m (40.0ms)[0m  [1m[35mBEGIN[0m
  [1m[35m (14.7ms)[0m  [1m[35mCREATE TABLE "forums" ("id" bigserial primary key, "name" character varying, "created_at" timestamp(6) NOT NULL, "updated_at" timestamp(6) NOT NULL)[0m
  [1m[36mprimary::SchemaMigration Create (0.5ms)[0m  [1m[32mINSERT INTO "schema_migrations" ("version") VALUES ($1) RETURNING "version"[0m  [["version", "20200927224043"]]
  [1m[35m (60.1ms)[0m  [1m[35mCOMMIT[0m
  [1m[36mActiveRecord::InternalMetadata Load (3.8ms)[0m  [1m[34mSELECT "ar_internal_metadata".* FROM "ar_internal_metadata" WHERE "ar_internal_metadata"."key" = $1 LIMIT $2[0m  [["key", "environment"], ["LIMIT", 1]]
  [1m[35m (0.3ms)[0m  [1m[35mBEGIN[0m
  [1m[36mActiveRecord::InternalMetadata Create (17.5ms)[0m  [1m[32mINSERT INTO "ar_internal_metadata" ("key", "value", "created_at", "updated_at") VALUES ($1, $2, $3, $4) RETURNING "key"[0m  [["key", "environment"], ["value", "development"], ["created_at", "2020-09-27 22:41:04.060277"], ["updated_at", "2020-09-27 22:41:04.060277"]]
  [1m[35m (42.5ms)[0m  [1m[35mCOMMIT[0m
  [1m[35m (4.9ms)[0m  [1m[34mSELECT pg_advisory_unlock(79583997806968620)[0m
  [1m[35m (1.4ms)[0m  [1m[34mSELECT "schema_migrations"."version" FROM "schema_migrations" ORDER BY "schema_migrations"."version" ASC[0m
